<?xml version="1.0" encoding="UTF-8"?>
<!-- Generated by org.testng.reporters.JUnitReportReporter -->
<testsuite hostname="01HW510223" name="com.Centurylink.PWCM.PartnerTools" tests="2" failures="0" timestamp="27 May 2016 11:07:20 GMT" time="107.529" errors="0">
  <testcase name="CNDCpage" time="70.073" classname="com.Centurylink.PWCM.PartnerTools"/>
  <testcase name="AQCBPage" time="37.456" classname="com.Centurylink.PWCM.PartnerTools"/>
</testsuite> <!-- com.Centurylink.PWCM.PartnerTools -->
