<?xml version="1.0" encoding="UTF-8"?>
<!-- Generated by org.testng.reporters.JUnitReportReporter -->
<testsuite hostname="01HW510223" name="com.Centurylink.PWCM.Sprint208" tests="4" failures="0" timestamp="26 May 2016 05:24:42 GMT" time="265.625" errors="0">
  <testcase name="UtilityLinks" time="64.239" classname="com.Centurylink.PWCM.Sprint208"/>
  <testcase name="QuickLinks" time="102.024" classname="com.Centurylink.PWCM.Sprint208"/>
  <testcase name="HomePage" time="32.073" classname="com.Centurylink.PWCM.Sprint208"/>
  <testcase name="NavigationBar" time="67.289" classname="com.Centurylink.PWCM.Sprint208"/>
</testsuite> <!-- com.Centurylink.PWCM.Sprint208 -->
