<?xml version="1.0" encoding="UTF-8"?>
<!-- Generated by org.testng.reporters.JUnitReportReporter -->
<testsuite hostname="01HW510223" name="com.Centurylink.PWCM.Sprint208" tests="4" failures="0" timestamp="20 May 2016 10:53:33 GMT" time="773.388" errors="0">
  <testcase name="HomePage" time="78.122" classname="com.Centurylink.PWCM.Sprint208"/>
  <testcase name="NavigationBar" time="175.943" classname="com.Centurylink.PWCM.Sprint208"/>
  <testcase name="UtilityLinks" time="128.523" classname="com.Centurylink.PWCM.Sprint208"/>
  <testcase name="QuickLinks" time="390.800" classname="com.Centurylink.PWCM.Sprint208"/>
</testsuite> <!-- com.Centurylink.PWCM.Sprint208 -->
