<?xml version="1.0" encoding="UTF-8"?>
<!-- Generated by org.testng.reporters.JUnitReportReporter -->
<testsuite hostname="01HW510223" name="com.Centurylink.PWCM.Sprint208" tests="4" failures="0" timestamp="25 May 2016 07:43:29 GMT" time="333.325" errors="0">
  <testcase name="UtilityLinks" time="159.321" classname="com.Centurylink.PWCM.Sprint208"/>
  <testcase name="QuickLinks" time="97.322" classname="com.Centurylink.PWCM.Sprint208"/>
  <testcase name="NavigationBar" time="54.069" classname="com.Centurylink.PWCM.Sprint208"/>
  <testcase name="HomePage" time="22.613" classname="com.Centurylink.PWCM.Sprint208"/>
</testsuite> <!-- com.Centurylink.PWCM.Sprint208 -->
