<?xml version="1.0" encoding="UTF-8"?>
<!-- Generated by org.testng.reporters.JUnitReportReporter -->
<testsuite hostname="01HW510223" name="com.Centurylink.PWCM.Sprint209" tests="2" failures="0" timestamp="25 May 2016 07:43:29 GMT" time="149.210" errors="0">
  <testcase name="Feedbackpage" time="45.686" classname="com.Centurylink.PWCM.Sprint209"/>
  <testcase name="Helppage" time="103.524" classname="com.Centurylink.PWCM.Sprint209"/>
</testsuite> <!-- com.Centurylink.PWCM.Sprint209 -->
