<?xml version="1.0" encoding="UTF-8"?>
<!-- Generated by org.testng.reporters.JUnitReportReporter -->
<testsuite hostname="01HW510223" name="com.Centurylink.PWCM.Sprint208" tests="4" failures="0" timestamp="25 May 2016 10:11:33 GMT" time="1313.750" errors="0">
  <testcase name="NavigationBar" time="406.956" classname="com.Centurylink.PWCM.Sprint208"/>
  <testcase name="HomePage" time="263.502" classname="com.Centurylink.PWCM.Sprint208"/>
  <testcase name="QuickLinks" time="254.534" classname="com.Centurylink.PWCM.Sprint208"/>
  <testcase name="UtilityLinks" time="388.758" classname="com.Centurylink.PWCM.Sprint208"/>
</testsuite> <!-- com.Centurylink.PWCM.Sprint208 -->
