<?xml version="1.0" encoding="UTF-8"?>
<!-- Generated by org.testng.reporters.JUnitReportReporter -->
<testsuite hostname="01HW510223" name="com.Centurylink.PWCM.Sprint210" tests="2" failures="0" timestamp="25 May 2016 12:43:59 GMT" time="207.171" errors="0">
  <testcase name="Npanxxlookup" time="94.519" classname="com.Centurylink.PWCM.Sprint210"/>
  <testcase name="Npanxxlookup" time="112.652" classname="com.Centurylink.PWCM.Sprint210"/>
</testsuite> <!-- com.Centurylink.PWCM.Sprint210 -->
