<?xml version="1.0" encoding="UTF-8"?>
<!-- Generated by org.testng.reporters.JUnitReportReporter -->
<testsuite hostname="01HW510223" name="com.Centurylink.PWCM.PartnerTools" tests="3" failures="0" timestamp="27 May 2016 12:06:51 GMT" time="149.624" errors="0">
  <testcase name="AQCBPage" time="33.569" classname="com.Centurylink.PWCM.PartnerTools"/>
  <testcase name="CNDCpage" time="58.516" classname="com.Centurylink.PWCM.PartnerTools"/>
  <testcase name="VQT" time="57.539" classname="com.Centurylink.PWCM.PartnerTools"/>
</testsuite> <!-- com.Centurylink.PWCM.PartnerTools -->
