<?xml version="1.0" encoding="UTF-8"?>
<!-- Generated by org.testng.reporters.JUnitReportReporter -->
<testsuite hostname="01HW510223" name="com.Centurylink.PWCM.Sprint208" tests="1" failures="0" timestamp="19 May 2016 11:40:17 GMT" time="381.849" errors="0">
  <testcase name="UtilityLinks" time="381.849" classname="com.Centurylink.PWCM.Sprint208"/>
</testsuite> <!-- com.Centurylink.PWCM.Sprint208 -->
