<?xml version="1.0" encoding="UTF-8"?>
<!-- Generated by org.testng.reporters.JUnitReportReporter -->
<testsuite hostname="01HW510223" name="com.Centurylink.PWCM.Sprint209" tests="2" failures="0" timestamp="23 May 2016 12:55:08 GMT" time="73.196" errors="0">
  <testcase name="Feedbackpage" time="18.686" classname="com.Centurylink.PWCM.Sprint209"/>
  <testcase name="Helppage" time="54.510" classname="com.Centurylink.PWCM.Sprint209"/>
</testsuite> <!-- com.Centurylink.PWCM.Sprint209 -->
