<?xml version="1.0" encoding="UTF-8"?>
<!-- Generated by org.testng.reporters.JUnitReportReporter -->
<testsuite hostname="01HW510223" name="com.Centurylink.PWCM.Sprint209" tests="2" failures="0" timestamp="25 May 2016 10:11:33 GMT" time="168.769" errors="0">
  <testcase name="Feedbackpage" time="63.861" classname="com.Centurylink.PWCM.Sprint209"/>
  <testcase name="Helppage" time="104.908" classname="com.Centurylink.PWCM.Sprint209"/>
</testsuite> <!-- com.Centurylink.PWCM.Sprint209 -->
