<?xml version="1.0" encoding="UTF-8"?>
<!-- Generated by org.testng.reporters.JUnitReportReporter -->
<testsuite hostname="01HW510223" name="com.Centurylink.PWCM.HelpPage" tests="1" failures="0" timestamp="26 May 2016 10:46:47 GMT" time="62.635" errors="0">
  <testcase name="Help" time="62.635" classname="com.Centurylink.PWCM.HelpPage"/>
</testsuite> <!-- com.Centurylink.PWCM.HelpPage -->
