<?xml version="1.0" encoding="UTF-8"?>
<!-- Generated by org.testng.reporters.JUnitReportReporter -->
<testsuite hostname="01HW510223" name="com.Centurylink.PWCM.FeedbackPage" tests="1" failures="0" timestamp="27 May 2016 12:06:51 GMT" time="54.161" errors="0">
  <testcase name="Feedbackpage" time="54.161" classname="com.Centurylink.PWCM.FeedbackPage"/>
</testsuite> <!-- com.Centurylink.PWCM.FeedbackPage -->
