<?xml version="1.0" encoding="UTF-8"?>
<!-- Generated by org.testng.reporters.JUnitReportReporter -->
<testsuite hostname="01HW510223" name="com.Centurylink.PWCM.FeedbackPage" tests="1" failures="0" timestamp="26 May 2016 10:46:47 GMT" time="62.234" errors="0">
  <testcase name="Feedbackpage" time="62.234" classname="com.Centurylink.PWCM.FeedbackPage"/>
</testsuite> <!-- com.Centurylink.PWCM.FeedbackPage -->
