<?xml version="1.0" encoding="UTF-8"?>
<!-- Generated by org.testng.reporters.JUnitReportReporter -->
<testsuite hostname="01HW510223" name="com.Centurylink.PWCM.HomePage" tests="4" failures="0" timestamp="27 May 2016 12:06:51 GMT" time="324.278" errors="0">
  <testcase name="NavigationBar" time="74.561" classname="com.Centurylink.PWCM.HomePage"/>
  <testcase name="UtilityLinks" time="79.583" classname="com.Centurylink.PWCM.HomePage"/>
  <testcase name="QuickLinks" time="132.484" classname="com.Centurylink.PWCM.HomePage"/>
  <testcase name="Homepage" time="37.650" classname="com.Centurylink.PWCM.HomePage"/>
</testsuite> <!-- com.Centurylink.PWCM.HomePage -->
