<?xml version="1.0" encoding="UTF-8"?>
<!-- Generated by org.testng.reporters.JUnitReportReporter -->
<testsuite hostname="01HW510223" name="com.Centurylink.PWCM.Dummy" tests="2" failures="0" timestamp="23 May 2016 11:36:57 GMT" time="353.167" errors="0">
  <testcase name="Helppage" time="329.437" classname="com.Centurylink.PWCM.Dummy"/>
  <testcase name="Feedbackpage" time="23.730" classname="com.Centurylink.PWCM.Dummy"/>
</testsuite> <!-- com.Centurylink.PWCM.Dummy -->
