<?xml version="1.0" encoding="UTF-8"?>
<!-- Generated by org.testng.reporters.JUnitReportReporter -->
<testsuite hostname="01HW510223" name="com.Centurylink.PWCM.dummytest" tests="3" failures="0" timestamp="25 May 2016 05:32:14 GMT" time="43.998" errors="0">
  <testcase name="test1" time="15.612" classname="com.Centurylink.PWCM.dummytest"/>
  <testcase name="test1" time="14.348" classname="com.Centurylink.PWCM.dummytest"/>
  <testcase name="test1" time="14.038" classname="com.Centurylink.PWCM.dummytest"/>
</testsuite> <!-- com.Centurylink.PWCM.dummytest -->
