<?xml version="1.0" encoding="UTF-8"?>
<!-- Generated by org.testng.reporters.JUnitReportReporter -->
<testsuite hostname="01HW510223" name="com.Centurylink.PWCM.Sprint208" tests="2" failures="0" timestamp="19 May 2016 13:56:15 GMT" time="157.371" errors="0">
  <testcase name="UtilityLinks" time="79.702" classname="com.Centurylink.PWCM.Sprint208"/>
  <testcase name="Quicklinks" time="77.669" classname="com.Centurylink.PWCM.Sprint208"/>
</testsuite> <!-- com.Centurylink.PWCM.Sprint208 -->
