<?xml version="1.0" encoding="UTF-8"?>
<!-- Generated by org.testng.reporters.JUnitReportReporter -->
<testsuite hostname="01HW510223" name="com.Centurylink.PWCM.HelpPage" tests="1" failures="0" timestamp="27 May 2016 12:06:51 GMT" time="60.384" errors="0">
  <testcase name="Help" time="60.384" classname="com.Centurylink.PWCM.HelpPage"/>
</testsuite> <!-- com.Centurylink.PWCM.HelpPage -->
