<?xml version="1.0" encoding="UTF-8"?>
<!-- Generated by org.testng.reporters.JUnitReportReporter -->
<testsuite hostname="01HW510223" name="com.Centurylink.PWCM.HomePage" tests="4" failures="0" timestamp="26 May 2016 10:46:47 GMT" time="470.042" errors="0">
  <testcase name="Homepage" time="63.851" classname="com.Centurylink.PWCM.HomePage"/>
  <testcase name="QuickLinks" time="190.424" classname="com.Centurylink.PWCM.HomePage"/>
  <testcase name="UtilityLinks" time="109.541" classname="com.Centurylink.PWCM.HomePage"/>
  <testcase name="NavigationBar" time="106.226" classname="com.Centurylink.PWCM.HomePage"/>
</testsuite> <!-- com.Centurylink.PWCM.HomePage -->
