<?xml version="1.0" encoding="UTF-8"?>
<!-- Generated by org.testng.reporters.JUnitReportReporter -->
<testsuite hostname="01HW510223" name="com.Centurylink.PWCM.Sprint208" tests="4" failures="0" timestamp="23 May 2016 12:55:08 GMT" time="344.798" errors="0">
  <testcase name="QuickLinks" time="119.989" classname="com.Centurylink.PWCM.Sprint208"/>
  <testcase name="NavigationBar" time="73.126" classname="com.Centurylink.PWCM.Sprint208"/>
  <testcase name="UtilityLinks" time="116.727" classname="com.Centurylink.PWCM.Sprint208"/>
  <testcase name="HomePage" time="34.956" classname="com.Centurylink.PWCM.Sprint208"/>
</testsuite> <!-- com.Centurylink.PWCM.Sprint208 -->
